<?xml version="1.0" encoding="UTF-8"?>
<robot generator="Robot 3.0.4 (Python 3.6.5 on win32)" generated="20181112 16:37:16.370">
<suite id="s1" name="Test Login Datadriven" source="C:\Automation\Practice\testcases\Test_Login_Datadriven.robot">
<kw name="Open Browser To Login Page" type="setup">
<kw name="Open Browser" library="SeleniumLibrary">
<doc>Opens a new browser instance to the given ``url``.</doc>
<arguments>
<arg>${LOGIN_URL}</arg>
<arg>${BROWSER}</arg>
<arg>ff_profile_dir=C:\\FirefoxProfiles</arg>
</arguments>
<msg timestamp="20181112 16:37:16.854" level="INFO">Opening browser 'Firefox' to base url 'https://courses.ultimateqa.com/users/sign_in'.</msg>
<kw name="Capture Page Screenshot" library="SeleniumLibrary">
<doc>Takes screenshot of the current page and embeds it into log file.</doc>
<msg timestamp="20181112 16:39:09.626" level="INFO">Cannot capture screenshot because no browser is open.</msg>
<status status="PASS" starttime="20181112 16:39:09.626" endtime="20181112 16:39:09.626"></status>
</kw>
<msg timestamp="20181112 16:39:09.657" level="FAIL">WebDriverException: Message: newSession
</msg>
<status status="FAIL" starttime="20181112 16:37:16.854" endtime="20181112 16:39:09.672"></status>
</kw>
<status status="FAIL" starttime="20181112 16:37:16.854" endtime="20181112 16:39:09.672"></status>
</kw>
<test id="s1-t1" name="Invalid Username">
<status status="FAIL" starttime="20181112 16:39:09.672" endtime="20181112 16:39:09.672" critical="yes">Parent suite setup failed:
WebDriverException: Message: newSession
</status>
</test>
<test id="s1-t2" name="Invalid Password">
<status status="FAIL" starttime="20181112 16:39:09.672" endtime="20181112 16:39:09.672" critical="yes">Parent suite setup failed:
WebDriverException: Message: newSession
</status>
</test>
<kw name="Close Browser" library="SeleniumLibrary" type="teardown">
<doc>Closes the current browser.</doc>
<status status="PASS" starttime="20181112 16:39:09.672" endtime="20181112 16:39:09.672"></status>
</kw>
<doc>Data Driven Test</doc>
<status status="FAIL" starttime="20181112 16:37:16.386" endtime="20181112 16:39:09.672">Suite setup failed:
WebDriverException: Message: newSession
</status>
</suite>
<statistics>
<total>
<stat pass="0" fail="2">Critical Tests</stat>
<stat pass="0" fail="2">All Tests</stat>
</total>
<tag>
</tag>
<suite>
<stat pass="0" fail="2" id="s1" name="Test Login Datadriven">Test Login Datadriven</stat>
</suite>
</statistics>
<errors>
<msg timestamp="20181112 16:37:16.386" level="ERROR">Error in test case file 'C:\Automation\Practice\testcases\Test_Login_Datadriven.robot': Creating keyword 'Login With Invalid Credentials' failed: Invalid argument specification: Invalid argument syntax '$[username]'.</msg>
</errors>
</robot>
